24-07-31 17:37:08:993 [main] INFO  o.s.b.t.c.SpringBootTestContextBootstrapper ------  Neither @ContextConfiguration nor @ContextHierarchy found for test class [com.durgesh.durgesh7_SmartContactManager.Durgesh7SmartContactManagerApplicationTests], using SpringBootContextLoader
24-07-31 17:37:09:008 [main] INFO  o.s.t.c.s.AbstractContextLoader ------  Could not detect default resource locations for test class [com.durgesh.durgesh7_SmartContactManager.Durgesh7SmartContactManagerApplicationTests]: no resource found for suffixes {-context.xml, Context.groovy}.
24-07-31 17:37:09:009 [main] INFO  o.s.t.c.s.AnnotationConfigContextLoaderUtils ------  Could not detect default configuration classes for test class [com.durgesh.durgesh7_SmartContactManager.Durgesh7SmartContactManagerApplicationTests]: Durgesh7SmartContactManagerApplicationTests does not declare any static, non-private, non-final, nested classes annotated with @Configuration.
24-07-31 17:37:09:161 [main] INFO  o.s.b.t.c.SpringBootTestContextBootstrapper ------  Found @SpringBootConfiguration com.durgesh.durgesh7_SmartContactManager.Durgesh7SmartContactManagerApplication for test class com.durgesh.durgesh7_SmartContactManager.Durgesh7SmartContactManagerApplicationTests
24-07-31 17:37:09:328 [main] INFO  o.s.b.t.c.SpringBootTestContextBootstrapper ------  Loaded default TestExecutionListener class names from location [META-INF/spring.factories]: [org.springframework.boot.test.mock.mockito.MockitoTestExecutionListener, org.springframework.boot.test.mock.mockito.ResetMocksTestExecutionListener, org.springframework.boot.test.autoconfigure.restdocs.RestDocsTestExecutionListener, org.springframework.boot.test.autoconfigure.web.client.MockRestServiceServerResetTestExecutionListener, org.springframework.boot.test.autoconfigure.web.servlet.MockMvcPrintOnlyOnFailureTestExecutionListener, org.springframework.boot.test.autoconfigure.web.servlet.WebDriverTestExecutionListener, org.springframework.boot.test.autoconfigure.webservices.client.MockWebServiceServerTestExecutionListener, org.springframework.test.context.web.ServletTestExecutionListener, org.springframework.test.context.support.DirtiesContextBeforeModesTestExecutionListener, org.springframework.test.context.event.ApplicationEventsTestExecutionListener, org.springframework.test.context.support.DependencyInjectionTestExecutionListener, org.springframework.test.context.support.DirtiesContextTestExecutionListener, org.springframework.test.context.transaction.TransactionalTestExecutionListener, org.springframework.test.context.jdbc.SqlScriptsTestExecutionListener, org.springframework.test.context.event.EventPublishingTestExecutionListener]
24-07-31 17:37:09:347 [main] INFO  o.s.b.t.c.SpringBootTestContextBootstrapper ------  Using TestExecutionListeners: [org.springframework.test.context.web.ServletTestExecutionListener@58ffcbd7, org.springframework.test.context.support.DirtiesContextBeforeModesTestExecutionListener@555cf22, org.springframework.test.context.event.ApplicationEventsTestExecutionListener@6bb2d00b, org.springframework.boot.test.mock.mockito.MockitoTestExecutionListener@3c9bfddc, org.springframework.boot.test.autoconfigure.SpringBootDependencyInjectionTestExecutionListener@1a9c38eb, org.springframework.test.context.support.DirtiesContextTestExecutionListener@319bc845, org.springframework.test.context.transaction.TransactionalTestExecutionListener@4c5474f5, org.springframework.test.context.jdbc.SqlScriptsTestExecutionListener@2f4205be, org.springframework.test.context.event.EventPublishingTestExecutionListener@54e22bdd, org.springframework.boot.test.mock.mockito.ResetMocksTestExecutionListener@3bd418e4, org.springframework.boot.test.autoconfigure.restdocs.RestDocsTestExecutionListener@544820b7, org.springframework.boot.test.autoconfigure.web.client.MockRestServiceServerResetTestExecutionListener@6b98a075, org.springframework.boot.test.autoconfigure.web.servlet.MockMvcPrintOnlyOnFailureTestExecutionListener@2e61d218, org.springframework.boot.test.autoconfigure.web.servlet.WebDriverTestExecutionListener@3569fc08, org.springframework.boot.test.autoconfigure.webservices.client.MockWebServiceServerTestExecutionListener@20b12f8a]
24-07-31 17:37:09:745 [main] WARN  o.s.b.t.j.DuplicateJsonObjectContextCustomizerFactory$DuplicateJsonObjectContextCustomizer ------  

Found multiple occurrences of org.json.JSONObject on the class path:

	jar:file:/C:/Users/vedant.agrawal_spice/.m2/repository/com/vaadin/external/google/android-json/0.0.20131108.vaadin1/android-json-0.0.20131108.vaadin1.jar!/org/json/JSONObject.class
	jar:file:/C:/Users/vedant.agrawal_spice/.m2/repository/org/json/json/20180130/json-20180130.jar!/org/json/JSONObject.class

You may wish to exclude one of them to ensure predictable runtime behavior

24-07-31 17:37:09:766 [main] INFO  c.d.d.Durgesh7SmartContactManagerApplicationTests ------  Starting Durgesh7SmartContactManagerApplicationTests using Java 17.0.10 on SM-LPT-00209 with PID 18048 (started by vedant.agrawal_spice in C:\Users\vedant.agrawal_spice\Documents\Spring Boot Durgesh\durgesh7_SmartContactManager)
24-07-31 17:37:09:767 [main] INFO  c.d.d.Durgesh7SmartContactManagerApplicationTests ------  No active profile set, falling back to 1 default profile: "default"
24-07-31 17:37:09:770 [background-preinit] INFO  o.h.validator.internal.util.Version ------  HV000001: Hibernate Validator 6.2.2.Final
24-07-31 17:37:10:543 [main] INFO  o.s.d.r.c.RepositoryConfigurationDelegate ------  Bootstrapping Spring Data JPA repositories in DEFAULT mode.
24-07-31 17:37:10:632 [main] INFO  o.s.d.r.c.RepositoryConfigurationDelegate ------  Finished Spring Data repository scanning in 78 ms. Found 3 JPA repository interfaces.
24-07-31 17:37:11:257 [main] INFO  o.h.jpa.internal.util.LogHelper ------  HHH000204: Processing PersistenceUnitInfo [name: default]
24-07-31 17:37:11:311 [main] INFO  org.hibernate.Version ------  HHH000412: Hibernate ORM core version 5.4.33
24-07-31 17:37:11:444 [main] INFO  o.h.annotations.common.Version ------  HCANN000001: Hibernate Commons Annotations {5.1.2.Final}
24-07-31 17:37:11:649 [main] INFO  com.zaxxer.hikari.HikariDataSource ------  d1 - Starting...
24-07-31 17:37:11:912 [main] INFO  com.zaxxer.hikari.HikariDataSource ------  d1 - Start completed.
24-07-31 17:37:11:930 [main] INFO  org.hibernate.dialect.Dialect ------  HHH000400: Using dialect: org.hibernate.dialect.PostgreSQLDialect
24-07-31 17:37:13:052 [main] INFO  o.h.e.t.j.p.i.JtaPlatformInitiator ------  HHH000490: Using JtaPlatform implementation: [org.hibernate.engine.transaction.jta.platform.internal.NoJtaPlatform]
24-07-31 17:37:13:061 [main] INFO  o.s.o.j.LocalContainerEntityManagerFactoryBean ------  Initialized JPA EntityManagerFactory for persistence unit 'default'
24-07-31 17:37:13:149 [main] WARN  o.s.b.a.o.j.JpaBaseConfiguration$JpaWebConfiguration ------  spring.jpa.open-in-view is enabled by default. Therefore, database queries may be performed during view rendering. Explicitly configure spring.jpa.open-in-view to disable this warning
24-07-31 17:37:14:242 [main] INFO  o.s.s.web.DefaultSecurityFilterChain ------  Will not secure any request
24-07-31 17:37:15:169 [main] INFO  c.d.d.Durgesh7SmartContactManagerApplicationTests ------  Started Durgesh7SmartContactManagerApplicationTests in 5.775 seconds (JVM running for 7.293)
24-07-31 17:37:15:485 [SpringApplicationShutdownHook] INFO  o.s.o.j.LocalContainerEntityManagerFactoryBean ------  Closing JPA EntityManagerFactory for persistence unit 'default'
24-07-31 17:37:15:487 [SpringApplicationShutdownHook] INFO  com.zaxxer.hikari.HikariDataSource ------  d1 - Shutdown initiated...
24-07-31 17:37:15:494 [SpringApplicationShutdownHook] INFO  com.zaxxer.hikari.HikariDataSource ------  d1 - Shutdown completed.
